<?xml version="1.0" encoding="UTF-8" ?>
<testsuite failures="0" time="0.083" errors="0" skipped="0" tests="1" name="com.recommendersys.mooc.AppTest">
  <properties>
    <property name="java.runtime.name" value="Java(TM) SE Runtime Environment"/>
    <property name="sun.boot.library.path" value="/Library/Java/JavaVirtualMachines/jdk1.7.0_25.jdk/Contents/Home/jre/lib"/>
    <property name="java.vm.version" value="23.25-b01"/>
    <property name="gopherProxySet" value="false"/>
    <property name="java.vm.vendor" value="Oracle Corporation"/>
    <property name="java.vendor.url" value="http://java.oracle.com/"/>
    <property name="path.separator" value=":"/>
    <property name="java.vm.name" value="Java HotSpot(TM) 64-Bit Server VM"/>
    <property name="file.encoding.pkg" value="sun.io"/>
    <property name="user.country" value="CN"/>
    <property name="sun.java.launcher" value="SUN_STANDARD"/>
    <property name="sun.os.patch.level" value="unknown"/>
    <property name="java.vm.specification.name" value="Java Virtual Machine Specification"/>
    <property name="user.dir" value="/Users/skydragon/Documents/Introduction to Recommmender Systems/week2/Programming ASS/Pone"/>
    <property name="java.runtime.version" value="1.7.0_25-b15"/>
    <property name="java.awt.graphicsenv" value="sun.awt.CGraphicsEnvironment"/>
    <property name="basedir" value="/Users/skydragon/Documents/Introduction to Recommmender Systems/week2/Programming ASS/Pone"/>
    <property name="java.endorsed.dirs" value="/Library/Java/JavaVirtualMachines/jdk1.7.0_25.jdk/Contents/Home/jre/lib/endorsed"/>
    <property name="os.arch" value="x86_64"/>
    <property name="surefire.real.class.path" value="/Users/skydragon/Documents/Introduction to Recommmender Systems/week2/Programming ASS/Pone/target/surefire/surefirebooter8682105699565381435.jar"/>
    <property name="java.io.tmpdir" value="/var/folders/xz/nmvzgpqx14x3_g5zp3x6p0j40000gn/T/"/>
    <property name="line.separator" value="
"/>
    <property name="java.vm.specification.vendor" value="Oracle Corporation"/>
    <property name="os.name" value="Mac OS X"/>
    <property name="sun.jnu.encoding" value="UTF-8"/>
    <property name="java.library.path" value="/Users/skydragon/Library/Java/Extensions:/Library/Java/Extensions:/Network/Library/Java/Extensions:/System/Library/Java/Extensions:/usr/lib/java:."/>
    <property name="surefire.test.class.path" value="/Users/skydragon/Documents/Introduction to Recommmender Systems/week2/Programming ASS/Pone/target/test-classes:/Users/skydragon/Documents/Introduction to Recommmender Systems/week2/Programming ASS/Pone/target/classes:/Users/skydragon/.m2/repository/org/grouplens/lenskit/lenskit-core/2.0/lenskit-core-2.0.jar:/Users/skydragon/.m2/repository/it/unimi/dsi/fastutil/6.5.6/fastutil-6.5.6.jar:/Users/skydragon/.m2/repository/org/grouplens/lenskit/lenskit-data-structures/2.0/lenskit-data-structures-2.0.jar:/Users/skydragon/.m2/repository/com/google/guava/guava/14.0.1/guava-14.0.1.jar:/Users/skydragon/.m2/repository/org/apache/commons/commons-lang3/3.1/commons-lang3-3.1.jar:/Users/skydragon/.m2/repository/org/grouplens/lenskit/lenskit-api/2.0/lenskit-api-2.0.jar:/Users/skydragon/.m2/repository/org/grouplens/grapht/grapht/0.6.0/grapht-0.6.0.jar:/Users/skydragon/.m2/repository/javax/inject/javax.inject/1/javax.inject-1.jar:/Users/skydragon/.m2/repository/com/google/code/findbugs/jsr305/1.3.9/jsr305-1.3.9.jar:/Users/skydragon/.m2/repository/org/slf4j/slf4j-api/1.7.5/slf4j-api-1.7.5.jar:/Users/skydragon/.m2/repository/org/grouplens/lenskit/lenskit-knn/2.0/lenskit-knn-2.0.jar:/Users/skydragon/.m2/repository/junit/junit/4.11/junit-4.11.jar:/Users/skydragon/.m2/repository/org/hamcrest/hamcrest-core/1.3/hamcrest-core-1.3.jar:"/>
    <property name="java.specification.name" value="Java Platform API Specification"/>
    <property name="java.class.version" value="51.0"/>
    <property name="sun.management.compiler" value="HotSpot 64-Bit Tiered Compilers"/>
    <property name="os.version" value="10.8.4"/>
    <property name="http.nonProxyHosts" value="local„ÄÅ169.254/16|*.local„ÄÅ169.254/16"/>
    <property name="user.home" value="/Users/skydragon"/>
    <property name="user.timezone" value=""/>
    <property name="java.awt.printerjob" value="sun.lwawt.macosx.CPrinterJob"/>
    <property name="java.specification.version" value="1.7"/>
    <property name="file.encoding" value="UTF-8"/>
    <property name="user.name" value="skydragon"/>
    <property name="java.class.path" value="/Users/skydragon/Documents/Introduction to Recommmender Systems/week2/Programming ASS/Pone/target/test-classes:/Users/skydragon/Documents/Introduction to Recommmender Systems/week2/Programming ASS/Pone/target/classes:/Users/skydragon/.m2/repository/org/grouplens/lenskit/lenskit-core/2.0/lenskit-core-2.0.jar:/Users/skydragon/.m2/repository/it/unimi/dsi/fastutil/6.5.6/fastutil-6.5.6.jar:/Users/skydragon/.m2/repository/org/grouplens/lenskit/lenskit-data-structures/2.0/lenskit-data-structures-2.0.jar:/Users/skydragon/.m2/repository/com/google/guava/guava/14.0.1/guava-14.0.1.jar:/Users/skydragon/.m2/repository/org/apache/commons/commons-lang3/3.1/commons-lang3-3.1.jar:/Users/skydragon/.m2/repository/org/grouplens/lenskit/lenskit-api/2.0/lenskit-api-2.0.jar:/Users/skydragon/.m2/repository/org/grouplens/grapht/grapht/0.6.0/grapht-0.6.0.jar:/Users/skydragon/.m2/repository/javax/inject/javax.inject/1/javax.inject-1.jar:/Users/skydragon/.m2/repository/com/google/code/findbugs/jsr305/1.3.9/jsr305-1.3.9.jar:/Users/skydragon/.m2/repository/org/slf4j/slf4j-api/1.7.5/slf4j-api-1.7.5.jar:/Users/skydragon/.m2/repository/org/grouplens/lenskit/lenskit-knn/2.0/lenskit-knn-2.0.jar:/Users/skydragon/.m2/repository/junit/junit/4.11/junit-4.11.jar:/Users/skydragon/.m2/repository/org/hamcrest/hamcrest-core/1.3/hamcrest-core-1.3.jar:"/>
    <property name="java.vm.specification.version" value="1.7"/>
    <property name="sun.arch.data.model" value="64"/>
    <property name="java.home" value="/Library/Java/JavaVirtualMachines/jdk1.7.0_25.jdk/Contents/Home/jre"/>
    <property name="sun.java.command" value="/Users/skydragon/Documents/Introduction to Recommmender Systems/week2/Programming ASS/Pone/target/surefire/surefirebooter8682105699565381435.jar /Users/skydragon/Documents/Introduction to Recommmender Systems/week2/Programming ASS/Pone/target/surefire/surefire447937157636262080tmp /Users/skydragon/Documents/Introduction to Recommmender Systems/week2/Programming ASS/Pone/target/surefire/surefire384335110610599029tmp"/>
    <property name="java.specification.vendor" value="Oracle Corporation"/>
    <property name="user.language" value="zh"/>
    <property name="awt.toolkit" value="sun.lwawt.macosx.LWCToolkit"/>
    <property name="java.vm.info" value="mixed mode"/>
    <property name="java.version" value="1.7.0_25"/>
    <property name="java.ext.dirs" value="/Users/skydragon/Library/Java/Extensions:/Library/Java/JavaVirtualMachines/jdk1.7.0_25.jdk/Contents/Home/jre/lib/ext:/Library/Java/Extensions:/Network/Library/Java/Extensions:/System/Library/Java/Extensions:/usr/lib/java"/>
    <property name="sun.boot.class.path" value="/Library/Java/JavaVirtualMachines/jdk1.7.0_25.jdk/Contents/Home/jre/lib/resources.jar:/Library/Java/JavaVirtualMachines/jdk1.7.0_25.jdk/Contents/Home/jre/lib/rt.jar:/Library/Java/JavaVirtualMachines/jdk1.7.0_25.jdk/Contents/Home/jre/lib/sunrsasign.jar:/Library/Java/JavaVirtualMachines/jdk1.7.0_25.jdk/Contents/Home/jre/lib/jsse.jar:/Library/Java/JavaVirtualMachines/jdk1.7.0_25.jdk/Contents/Home/jre/lib/jce.jar:/Library/Java/JavaVirtualMachines/jdk1.7.0_25.jdk/Contents/Home/jre/lib/charsets.jar:/Library/Java/JavaVirtualMachines/jdk1.7.0_25.jdk/Contents/Home/jre/lib/jfr.jar:/Library/Java/JavaVirtualMachines/jdk1.7.0_25.jdk/Contents/Home/jre/lib/JObjC.jar:/Library/Java/JavaVirtualMachines/jdk1.7.0_25.jdk/Contents/Home/jre/classes"/>
    <property name="java.vendor" value="Oracle Corporation"/>
    <property name="localRepository" value="/Users/skydragon/.m2/repository"/>
    <property name="file.separator" value="/"/>
    <property name="java.vendor.url.bug" value="http://bugreport.sun.com/bugreport/"/>
    <property name="sun.cpu.endian" value="little"/>
    <property name="sun.io.unicode.encoding" value="UnicodeBig"/>
    <property name="socksNonProxyHosts" value="local„ÄÅ169.254/16|*.local„ÄÅ169.254/16"/>
    <property name="ftp.nonProxyHosts" value="local„ÄÅ169.254/16|*.local„ÄÅ169.254/16"/>
    <property name="sun.cpu.isalist" value=""/>
  </properties>
  <testcase time="0.007" classname="com.recommendersys.mooc.AppTest" name="testApp"/>
</testsuite>